-- Found ament_cmake: 1.3.5 (/opt/ros/humble/share/ament_cmake/cmake)
-- Found rclcpp: 16.0.5 (/opt/ros/humble/share/rclcpp/cmake)
-- Found rosidl_generator_c: 3.1.5 (/opt/ros/humble/share/rosidl_generator_c/cmake)
-- Found rosidl_adapter: 3.1.5 (/opt/ros/humble/share/rosidl_adapter/cmake)
-- Found rosidl_generator_cpp: 3.1.5 (/opt/ros/humble/share/rosidl_generator_cpp/cmake)
-- Using all available rosidl_typesupport_c: rosidl_typesupport_fastrtps_c;rosidl_typesupport_introspection_c
-- Using all available rosidl_typesupport_cpp: rosidl_typesupport_fastrtps_cpp;rosidl_typesupport_introspection_cpp
-- Found rmw_implementation_cmake: 6.1.1 (/opt/ros/humble/share/rmw_implementation_cmake/cmake)
-- Found rmw_fastrtps_cpp: 6.2.3 (/opt/ros/humble/share/rmw_fastrtps_cpp/cmake)
-- Using RMW implementation 'rmw_fastrtps_cpp' as default
-- Found rosbag2_cpp: 0.15.7 (/opt/ros/humble/share/rosbag2_cpp/cmake)
-- Found geometry_msgs: 4.2.3 (/opt/ros/humble/share/geometry_msgs/cmake)
-- Found turtlesim: 1.4.2 (/opt/ros/humble/share/turtlesim/cmake)
-- Found ament_lint_auto: 0.12.7 (/opt/ros/humble/share/ament_lint_auto/cmake)
-- Added test 'cppcheck' to perform static code analysis on C / C++ code
-- Configured cppcheck include dirs: $<BUILD_INTERFACE:/home/pz10on/Work/ws02_tools/src/cpp02_rosbag2/include>
-- Configured cppcheck exclude dirs and/or files: 
-- Added test 'lint_cmake' to check CMake code style
-- Added test 'uncrustify' to check C / C++ code style
-- Configured uncrustify additional arguments: 
-- Added test 'xmllint' to check XML markup files
-- Configuring done
-- Generating done
-- Build files have been written to: /home/pz10on/Work/ws02_tools/build/cpp02_rosbag2
[ 50%] [32mBuilding CXX object CMakeFiles/demo01_writer.cpp.dir/src/demo01_writer.cpp.o[0m
[ 50%] [32mBuilding CXX object CMakeFiles/demo02_read.cpp.dir/src/demo02_read.cpp.o[0m
[01m[K/home/pz10on/Work/ws02_tools/src/cpp02_rosbag2/src/demo01_writer.cpp:28:25:[m[K [01;31m[Kerror: [m[Kâ€˜[01m[Krosbag2_cpp[m[Kâ€™ was not declared in this scope
   28 |         std::unique_ptr<[01;31m[Krosbag2_cpp[m[K::Writer> writer_;
      |                         [01;31m[K^~~~~~~~~~~[m[K
[01m[K/home/pz10on/Work/ws02_tools/src/cpp02_rosbag2/src/demo01_writer.cpp:28:44:[m[K [01;31m[Kerror: [m[Ktemplate argument 1 is invalid
   28 |         std::unique_ptr<rosbag2_cpp::Writer[01;31m[K>[m[K writer_;
      |                                            [01;31m[K^[m[K
[01m[K/home/pz10on/Work/ws02_tools/src/cpp02_rosbag2/src/demo01_writer.cpp:28:44:[m[K [01;31m[Kerror: [m[Ktemplate argument 2 is invalid
[01m[K/home/pz10on/Work/ws02_tools/src/cpp02_rosbag2/src/demo01_writer.cpp:[m[K In constructor â€˜[01m[KSimpleBagRecord::SimpleBagRecord()[m[Kâ€™:
[01m[K/home/pz10on/Work/ws02_tools/src/cpp02_rosbag2/src/demo01_writer.cpp:22:53:[m[K [01;31m[Kerror: [m[Kcannot convert â€˜[01m[Kstd::shared_ptr<SimpleBagRecord>[m[Kâ€™ to â€˜[01m[Kint[m[Kâ€™ in assignment
   22 |         writer_ = [01;31m[Kstd::make_shared<SimpleBagRecord> ()[m[K;
      |                   [01;31m[K~~~~~~~~~~~~~~~~~~~~~~~~~~~~~~~~~~^~[m[K
      |                                                     [01;31m[K|[m[K
      |                                                     [01;31m[Kstd::shared_ptr<SimpleBagRecord>[m[K
gmake[2]: *** [CMakeFiles/demo01_writer.cpp.dir/build.make:76: CMakeFiles/demo01_writer.cpp.dir/src/demo01_writer.cpp.o] Error 1
gmake[1]: *** [CMakeFiles/Makefile2:139: CMakeFiles/demo01_writer.cpp.dir/all] Error 2
gmake[1]: *** Waiting for unfinished jobs....
[ 75%] [32m[1mLinking CXX executable demo02_read.cpp[0m
[ 75%] Built target demo02_read.cpp
gmake: *** [Makefile:146: all] Error 2
