[0.010s] Invoking command in '/home/pz10on/Work/ws02_tools/build/cpp02_rosbag2': CMAKE_PREFIX_PATH=/opt/ros/humble /usr/bin/cmake --build /home/pz10on/Work/ws02_tools/build/cpp02_rosbag2 -- -j12 -l12
[0.029s] -- Found ament_cmake: 1.3.5 (/opt/ros/humble/share/ament_cmake/cmake)
[0.126s] -- Found rclcpp: 16.0.5 (/opt/ros/humble/share/rclcpp/cmake)
[0.144s] -- Found rosidl_generator_c: 3.1.5 (/opt/ros/humble/share/rosidl_generator_c/cmake)
[0.146s] -- Found rosidl_adapter: 3.1.5 (/opt/ros/humble/share/rosidl_adapter/cmake)
[0.149s] -- Found rosidl_generator_cpp: 3.1.5 (/opt/ros/humble/share/rosidl_generator_cpp/cmake)
[0.156s] -- Using all available rosidl_typesupport_c: rosidl_typesupport_fastrtps_c;rosidl_typesupport_introspection_c
[0.166s] -- Using all available rosidl_typesupport_cpp: rosidl_typesupport_fastrtps_cpp;rosidl_typesupport_introspection_cpp
[0.204s] -- Found rmw_implementation_cmake: 6.1.1 (/opt/ros/humble/share/rmw_implementation_cmake/cmake)
[0.204s] -- Found rmw_fastrtps_cpp: 6.2.3 (/opt/ros/humble/share/rmw_fastrtps_cpp/cmake)
[0.280s] -- Using RMW implementation 'rmw_fastrtps_cpp' as default
[0.382s] -- Found rosbag2_cpp: 0.15.7 (/opt/ros/humble/share/rosbag2_cpp/cmake)
[0.405s] -- Found geometry_msgs: 4.2.3 (/opt/ros/humble/share/geometry_msgs/cmake)
[0.437s] -- Found turtlesim: 1.4.2 (/opt/ros/humble/share/turtlesim/cmake)
[0.533s] -- Found ament_lint_auto: 0.12.7 (/opt/ros/humble/share/ament_lint_auto/cmake)
[0.581s] -- Added test 'cppcheck' to perform static code analysis on C / C++ code
[0.581s] -- Configured cppcheck include dirs: $<BUILD_INTERFACE:/home/pz10on/Work/ws02_tools/src/cpp02_rosbag2/include>
[0.581s] -- Configured cppcheck exclude dirs and/or files: 
[0.581s] -- Added test 'lint_cmake' to check CMake code style
[0.582s] -- Added test 'uncrustify' to check C / C++ code style
[0.582s] -- Configured uncrustify additional arguments: 
[0.582s] -- Added test 'xmllint' to check XML markup files
[0.582s] -- Configuring done
[0.594s] -- Generating done
[0.595s] -- Build files have been written to: /home/pz10on/Work/ws02_tools/build/cpp02_rosbag2
[0.623s] [ 50%] [32mBuilding CXX object CMakeFiles/demo01_writer.cpp.dir/src/demo01_writer.cpp.o[0m
[0.623s] [ 50%] [32mBuilding CXX object CMakeFiles/demo02_read.cpp.dir/src/demo02_read.cpp.o[0m
[2.409s] [01m[K/home/pz10on/Work/ws02_tools/src/cpp02_rosbag2/src/demo01_writer.cpp:28:25:[m[K [01;31m[Kerror: [m[Kâ€˜[01m[Krosbag2_cpp[m[Kâ€™ was not declared in this scope
[2.409s]    28 |         std::unique_ptr<[01;31m[Krosbag2_cpp[m[K::Writer> writer_;
[2.409s]       |                         [01;31m[K^~~~~~~~~~~[m[K
[2.409s] [01m[K/home/pz10on/Work/ws02_tools/src/cpp02_rosbag2/src/demo01_writer.cpp:28:44:[m[K [01;31m[Kerror: [m[Ktemplate argument 1 is invalid
[2.409s]    28 |         std::unique_ptr<rosbag2_cpp::Writer[01;31m[K>[m[K writer_;
[2.409s]       |                                            [01;31m[K^[m[K
[2.409s] [01m[K/home/pz10on/Work/ws02_tools/src/cpp02_rosbag2/src/demo01_writer.cpp:28:44:[m[K [01;31m[Kerror: [m[Ktemplate argument 2 is invalid
[2.411s] [01m[K/home/pz10on/Work/ws02_tools/src/cpp02_rosbag2/src/demo01_writer.cpp:[m[K In constructor â€˜[01m[KSimpleBagRecord::SimpleBagRecord()[m[Kâ€™:
[2.411s] [01m[K/home/pz10on/Work/ws02_tools/src/cpp02_rosbag2/src/demo01_writer.cpp:22:53:[m[K [01;31m[Kerror: [m[Kcannot convert â€˜[01m[Kstd::shared_ptr<SimpleBagRecord>[m[Kâ€™ to â€˜[01m[Kint[m[Kâ€™ in assignment
[2.411s]    22 |         writer_ = [01;31m[Kstd::make_shared<SimpleBagRecord> ()[m[K;
[2.411s]       |                   [01;31m[K~~~~~~~~~~~~~~~~~~~~~~~~~~~~~~~~~~^~[m[K
[2.412s]       |                                                     [01;31m[K|[m[K
[2.412s]       |                                                     [01;31m[Kstd::shared_ptr<SimpleBagRecord>[m[K
[2.749s] gmake[2]: *** [CMakeFiles/demo01_writer.cpp.dir/build.make:76: CMakeFiles/demo01_writer.cpp.dir/src/demo01_writer.cpp.o] Error 1
[2.749s] gmake[1]: *** [CMakeFiles/Makefile2:139: CMakeFiles/demo01_writer.cpp.dir/all] Error 2
[2.749s] gmake[1]: *** Waiting for unfinished jobs....
[2.820s] [ 75%] [32m[1mLinking CXX executable demo02_read.cpp[0m
[2.939s] [ 75%] Built target demo02_read.cpp
[2.940s] gmake: *** [Makefile:146: all] Error 2
[2.941s] Invoked command in '/home/pz10on/Work/ws02_tools/build/cpp02_rosbag2' returned '2': CMAKE_PREFIX_PATH=/opt/ros/humble /usr/bin/cmake --build /home/pz10on/Work/ws02_tools/build/cpp02_rosbag2 -- -j12 -l12
