<?xml version="1.0" encoding="UTF-8"?>
<Site BuildName="(empty)"
	BuildStamp="20230928-0446-Experimental"
	Name="pz10on-laptop"
	Generator="ctest-3.22.1"
	CompilerName="/usr/bin/g++"
	CompilerVersion="11.4.0"
	OSName="Linux"
	Hostname="pz10on-laptop"
	OSRelease="6.2.0-33-generic"
	OSVersion="#33~22.04.1-Ubuntu SMP PREEMPT_DYNAMIC Thu Sep  7 10:33:52 UTC 2"
	OSPlatform="x86_64"
	Is64Bits="1"
	VendorString="GenuineIntel"
	VendorID="Intel Corporation"
	FamilyID="6"
	ModelID="141"
	ProcessorCacheSize="12288"
	NumberOfLogicalCPU="12"
	NumberOfPhysicalCPU="6"
	TotalVirtualMemory="15529"
	TotalPhysicalMemory="15559"
	LogicalProcessorsPerPhysical="2"
	ProcessorClockFrequency="3987.66"
	>
	<Testing>
		<StartDateTime>Sep 28 14:01 CST</StartDateTime>
		<StartTestTime>1695880894</StartTestTime>
		<TestList/>
		<EndDateTime>Sep 28 14:01 CST</EndDateTime>
		<EndTestTime>1695880894</EndTestTime>
		<ElapsedMinutes>0</ElapsedMinutes>
	</Testing>
</Site>
